Build started 2015/1/27 13:38:15.
     1>Project "E:\Project\VEClient\thirdPart\zlib-1.2.8\vs2010\minigzip.vcxproj" on node 2 (build target(s)).
     1>InitializeBuildStatus:
         Creating "minigzip.dir\Release\minigzip.unsuccessfulbuild" because "AlwaysCreate" was specified.
       CustomBuild:
         Building Custom Rule E:/Project/VEInstantMessage/thirdPart/zlib-1.2.8/CMakeLists.txt
         CMake does not need to re-run because E:\Project\VEInstantMessage\thirdPart\zlib-1.2.8\vs2010\CMakeFiles\generate.stamp is up-to-date.
       ClCompile:
         c:\Program Files (x86)\Microsoft Visual Studio 10.0\VC\bin\CL.exe /c /I"E:/Project/VEInstantMessage/thirdPart/zlib-1.2.8" /I"E:/Project/VEInstantMessage/thirdPart/zlib-1.2.8/vs2010" /nologo /W3 /WX- /O2 /Ob2 /Oy- /D WIN32 /D _WINDOWS /D NDEBUG /D NO_FSEEKO /D _CRT_SECURE_NO_DEPRECATE /D _CRT_NONSTDC_NO_DEPRECATE /D "CMAKE_INTDIR=\"Release\"" /D _MBCS /Gm- /MD /GS /fp:precise /Zc:wchar_t /Zc:forScope /Fo"minigzip.dir\Release\\" /Fd"E:/Project/VEInstantMessage/thirdPart/zlib-1.2.8/vs2010/Release/minigzip.pdb" /Gd /TC /analyze- /errorReport:prompt ..\test\minigzip.c  /Zm1000 
         minigzip.c
       Link:
         c:\Program Files (x86)\Microsoft Visual Studio 10.0\VC\bin\link.exe /ERRORREPORT:PROMPT /OUT:"E:\Project\VEInstantMessage\thirdPart\zlib-1.2.8\vs2010\Release\minigzip.exe" /INCREMENTAL:NO /NOLOGO kernel32.lib user32.lib gdi32.lib winspool.lib shell32.lib ole32.lib oleaut32.lib uuid.lib comdlg32.lib advapi32.lib Release\zlib.lib /MANIFEST /ManifestFile:"minigzip.dir\Release\minigzip.exe.intermediate.manifest" /MANIFESTUAC:"level='asInvoker' uiAccess='false'" /PDB:"E:/Project/VEInstantMessage/thirdPart/zlib-1.2.8/vs2010/Release/minigzip.pdb" /SUBSYSTEM:CONSOLE /STACK:"10000000" /TLBID:1 /DYNAMICBASE /NXCOMPAT /IMPLIB:"E:/Project/VEInstantMessage/thirdPart/zlib-1.2.8/vs2010/Release/minigzip.lib" /MACHINE:X86 minigzip.dir\Release\minigzip.obj  /machine:X86 
         minigzip.vcxproj -> E:\Project\VEInstantMessage\thirdPart\zlib-1.2.8\vs2010\Release\minigzip.exe
       Manifest:
         C:\Program Files (x86)\Microsoft SDKs\Windows\v7.0A\bin\mt.exe /nologo /verbose /outputresource:"E:\Project\VEInstantMessage\thirdPart\zlib-1.2.8\vs2010\Release\minigzip.exe;#1" /manifest minigzip.dir\Release\minigzip.exe.intermediate.manifest
       FinalizeBuildStatus:
         Deleting file "minigzip.dir\Release\minigzip.unsuccessfulbuild".
         Touching "minigzip.dir\Release\minigzip.lastbuildstate".
     1>Done Building Project "E:\Project\VEClient\thirdPart\zlib-1.2.8\vs2010\minigzip.vcxproj" (build target(s)).

Build succeeded.

Time Elapsed 00:00:01.19
