Build started 2015/1/27 13:38:06.
     1>Project "E:\Project\VEClient\thirdPart\zlib-1.2.8\vs2010\zlib.vcxproj" on node 2 (build target(s)).
     1>InitializeBuildStatus:
         Creating "zlib.dir\Release\zlib.unsuccessfulbuild" because "AlwaysCreate" was specified.
       CustomBuild:
         Building Custom Rule E:/Project/VEInstantMessage/thirdPart/zlib-1.2.8/CMakeLists.txt
         CMake does not need to re-run because E:\Project\VEInstantMessage\thirdPart\zlib-1.2.8\vs2010\CMakeFiles\generate.stamp is up-to-date.
       ClCompile:
         c:\Program Files (x86)\Microsoft Visual Studio 10.0\VC\bin\CL.exe /c /I"E:/Project/VEInstantMessage/thirdPart/zlib-1.2.8" /I"E:/Project/VEInstantMessage/thirdPart/zlib-1.2.8/vs2010" /nologo /W3 /WX- /O2 /Ob2 /Oy- /D WIN32 /D _WINDOWS /D NDEBUG /D NO_FSEEKO /D _CRT_SECURE_NO_DEPRECATE /D _CRT_NONSTDC_NO_DEPRECATE /D "CMAKE_INTDIR=\"Release\"" /D ZLIB_DLL /D _WINDLL /D _MBCS /Gm- /MD /GS /fp:precise /Zc:wchar_t /Zc:forScope /Fo"zlib.dir\Release\\" /Fd"E:/Project/VEInstantMessage/thirdPart/zlib-1.2.8/vs2010/Release/zlib.pdb" /Gd /TC /analyze- /errorReport:prompt ..\adler32.c ..\compress.c ..\crc32.c ..\deflate.c ..\gzclose.c ..\gzlib.c ..\gzread.c ..\gzwrite.c ..\inflate.c ..\infback.c ..\inftrees.c ..\inffast.c ..\trees.c ..\uncompr.c ..\zutil.c  /Zm1000 
         adler32.c
         compress.c
         crc32.c
         deflate.c
         gzclose.c
         gzlib.c
         gzread.c
         gzwrite.c
         inflate.c
         infback.c
         inftrees.c
         inffast.c
         trees.c
         uncompr.c
         zutil.c
         Generating Code...
       ResourceCompile:
         C:\Program Files (x86)\Microsoft SDKs\Windows\v7.0A\bin\rc.exe /D WIN32 /D _WINDOWS /D NDEBUG /D NO_FSEEKO /D _CRT_SECURE_NO_DEPRECATE /D _CRT_NONSTDC_NO_DEPRECATE /D "CMAKE_INTDIR=\\\"Release\\\"" /D ZLIB_DLL /l"0x0409" /I"E:/Project/VEInstantMessage/thirdPart/zlib-1.2.8" /I"E:/Project/VEInstantMessage/thirdPart/zlib-1.2.8/vs2010" /nologo /fo"zlib.dir\Release\zlib1.res" ..\win32\zlib1.rc 
       Link:
         c:\Program Files (x86)\Microsoft Visual Studio 10.0\VC\bin\link.exe /ERRORREPORT:PROMPT /OUT:"E:\Project\VEInstantMessage\thirdPart\zlib-1.2.8\vs2010\Release\zlib.dll" /INCREMENTAL:NO /NOLOGO kernel32.lib user32.lib gdi32.lib winspool.lib shell32.lib ole32.lib oleaut32.lib uuid.lib comdlg32.lib advapi32.lib /MANIFEST /ManifestFile:"zlib.dir\Release\zlib.dll.intermediate.manifest" /MANIFESTUAC:"level='asInvoker' uiAccess='false'" /PDB:"E:/Project/VEInstantMessage/thirdPart/zlib-1.2.8/vs2010/Release/zlib.pdb" /SUBSYSTEM:CONSOLE /STACK:"10000000" /TLBID:1 /DYNAMICBASE /NXCOMPAT /IMPLIB:"E:/Project/VEInstantMessage/thirdPart/zlib-1.2.8/vs2010/Release/zlib.lib" /MACHINE:X86 /DLL zlib.dir\Release\zlib1.res
         zlib.dir\Release\adler32.obj
         zlib.dir\Release\compress.obj
         zlib.dir\Release\crc32.obj
         zlib.dir\Release\deflate.obj
         zlib.dir\Release\gzclose.obj
         zlib.dir\Release\gzlib.obj
         zlib.dir\Release\gzread.obj
         zlib.dir\Release\gzwrite.obj
         zlib.dir\Release\inflate.obj
         zlib.dir\Release\infback.obj
         zlib.dir\Release\inftrees.obj
         zlib.dir\Release\inffast.obj
         zlib.dir\Release\trees.obj
         zlib.dir\Release\uncompr.obj
         zlib.dir\Release\zutil.obj  /machine:X86 
            Creating library E:/Project/VEInstantMessage/thirdPart/zlib-1.2.8/vs2010/Release/zlib.lib and object E:/Project/VEInstantMessage/thirdPart/zlib-1.2.8/vs2010/Release/zlib.exp
         zlib.vcxproj -> E:\Project\VEInstantMessage\thirdPart\zlib-1.2.8\vs2010\Release\zlib.dll
       Manifest:
         C:\Program Files (x86)\Microsoft SDKs\Windows\v7.0A\bin\mt.exe /nologo /verbose /outputresource:"E:\Project\VEInstantMessage\thirdPart\zlib-1.2.8\vs2010\Release\zlib.dll;#2" /manifest zlib.dir\Release\zlib.dll.intermediate.manifest
       FinalizeBuildStatus:
         Deleting file "zlib.dir\Release\zlib.unsuccessfulbuild".
         Touching "zlib.dir\Release\zlib.lastbuildstate".
     1>Done Building Project "E:\Project\VEClient\thirdPart\zlib-1.2.8\vs2010\zlib.vcxproj" (build target(s)).

Build succeeded.

Time Elapsed 00:00:08.57
